000 (240153.000.000) 2022-12-05 18:06:17 Job submitted from host: <128.104.100.148:9618?addrs=128.104.100.148-9618+[2607-f388-107c-501-216-3eff-feb2-bc11]-9618&alias=learn.chtc.wisc.edu&noUDP&sock=schedd_6018_6d09>
...
040 (240153.000.000) 2022-12-05 18:09:29 Started transferring input files
	Transferring to host: <128.105.68.156:9618?addrs=128.105.68.156-9618+[2607-f388-2200-100-b226-28ff-fe50-3c4c]-9618&alias=e2015.chtc.wisc.edu&noUDP&sock=backfill7_19980_77a6_86667>
...
040 (240153.000.000) 2022-12-05 18:09:32 Finished transferring input files
...
001 (240153.000.000) 2022-12-05 18:09:33 Job executing on host: <128.105.68.156:9618?addrs=128.105.68.156-9618+[2607-f388-2200-100-b226-28ff-fe50-3c4c]-9618&alias=e2015.chtc.wisc.edu&noUDP&sock=startd_9057_ed59>
...
006 (240153.000.000) 2022-12-05 18:09:40 Image size of job updated: 163680
	0  -  MemoryUsage of job (MB)
	0  -  ResidentSetSize of job (KB)
...
040 (240153.000.000) 2022-12-05 18:09:42 Started transferring output files
...
040 (240153.000.000) 2022-12-05 18:09:42 Finished transferring output files
...
005 (240153.000.000) 2022-12-05 18:09:42 Job terminated.
	(1) Normal termination (return value 0)
		Usr 0 00:00:04, Sys 0 00:00:00  -  Run Remote Usage
		Usr 0 00:00:00, Sys 0 00:00:00  -  Run Local Usage
		Usr 0 00:00:04, Sys 0 00:00:00  -  Total Remote Usage
		Usr 0 00:00:00, Sys 0 00:00:00  -  Total Local Usage
	18033  -  Run Bytes Sent By Job
	39136032  -  Run Bytes Received By Job
	18033  -  Total Bytes Sent By Job
	39136032  -  Total Bytes Received By Job
	Partitionable Resources :    Usage  Request Allocated 
	   Cpus                 :                 1         1 
	   Disk (KB)            :   256440  2097152  18131522 
	   IoHeavy              :                           0 
	   Memory (MB)          :        0     2048     12808 

	Job terminated of its own accord at 2022-12-06T00:09:40Z with exit-code 0.
...
