000 (240021.001.000) 2022-12-05 13:19:47 Job submitted from host: <128.104.100.148:9618?addrs=128.104.100.148-9618+[2607-f388-107c-501-216-3eff-feb2-bc11]-9618&alias=learn.chtc.wisc.edu&noUDP&sock=schedd_6018_6d09>
...
040 (240021.001.000) 2022-12-05 13:20:22 Started transferring input files
	Transferring to host: <128.105.244.34:9618?addrs=128.105.244.34-9618&alias=e3165.chtc.wisc.edu&noUDP&sock=slot1_2_9143_d20d_99224>
...
040 (240021.001.000) 2022-12-05 13:20:25 Finished transferring input files
...
001 (240021.001.000) 2022-12-05 13:20:26 Job executing on host: <128.105.244.34:9618?addrs=128.105.244.34-9618&alias=e3165.chtc.wisc.edu&noUDP&sock=startd_6590_c535>
...
006 (240021.001.000) 2022-12-05 13:20:31 Image size of job updated: 596
	0  -  MemoryUsage of job (MB)
	0  -  ResidentSetSize of job (KB)
...
040 (240021.001.000) 2022-12-05 13:20:31 Started transferring output files
...
040 (240021.001.000) 2022-12-05 13:20:31 Finished transferring output files
...
005 (240021.001.000) 2022-12-05 13:20:31 Job terminated.
	(1) Normal termination (return value 1)
		Usr 0 00:00:03, Sys 0 00:00:01  -  Run Remote Usage
		Usr 0 00:00:00, Sys 0 00:00:00  -  Run Local Usage
		Usr 0 00:00:03, Sys 0 00:00:01  -  Total Remote Usage
		Usr 0 00:00:00, Sys 0 00:00:00  -  Total Local Usage
	411  -  Run Bytes Sent By Job
	39135168  -  Run Bytes Received By Job
	411  -  Total Bytes Sent By Job
	39135168  -  Total Bytes Received By Job
	Partitionable Resources :    Usage  Request Allocated 
	   Cpus                 :                 1         1 
	   Disk (KB)            :   256422  2097152   3639917 
	   IoHeavy              :                           0 
	   Memory (MB)          :        0     2048      2048 

	Job terminated of its own accord at 2022-12-05T19:20:31Z with exit-code 1.
...
