000 (240158.000.000) 2022-12-05 18:31:45 Job submitted from host: <128.104.100.148:9618?addrs=128.104.100.148-9618+[2607-f388-107c-501-216-3eff-feb2-bc11]-9618&alias=learn.chtc.wisc.edu&noUDP&sock=schedd_6018_6d09>
...
040 (240158.000.000) 2022-12-05 18:33:21 Entered queue to transfer input files
	Transferring to host: <128.105.244.78:9618?addrs=128.105.244.78-9618&alias=e3197.chtc.wisc.edu&noUDP&sock=slot1_7_2883_158e_63895>
...
040 (240158.000.000) 2022-12-05 18:33:21 Started transferring input files
	Seconds spent in queue: 0
...
040 (240158.000.000) 2022-12-05 18:33:24 Finished transferring input files
...
001 (240158.000.000) 2022-12-05 18:33:25 Job executing on host: <128.105.244.78:9618?addrs=128.105.244.78-9618&alias=e3197.chtc.wisc.edu&noUDP&sock=startd_6635_a2f8>
...
006 (240158.000.000) 2022-12-05 18:33:33 Image size of job updated: 596
	0  -  MemoryUsage of job (MB)
	0  -  ResidentSetSize of job (KB)
...
040 (240158.000.000) 2022-12-05 18:33:33 Started transferring output files
	Seconds spent in queue: 12
...
040 (240158.000.000) 2022-12-05 18:33:33 Finished transferring output files
...
005 (240158.000.000) 2022-12-05 18:33:33 Job terminated.
	(1) Normal termination (return value 0)
		Usr 0 00:00:05, Sys 0 00:00:01  -  Run Remote Usage
		Usr 0 00:00:00, Sys 0 00:00:00  -  Run Local Usage
		Usr 0 00:00:05, Sys 0 00:00:01  -  Total Remote Usage
		Usr 0 00:00:00, Sys 0 00:00:00  -  Total Local Usage
	18033  -  Run Bytes Sent By Job
	39136036  -  Run Bytes Received By Job
	18033  -  Total Bytes Sent By Job
	39136036  -  Total Bytes Received By Job
	Partitionable Resources :    Usage  Request Allocated 
	   Cpus                 :                 1         1 
	   Disk (KB)            :   256440  2097152   2716366 
	   IoHeavy              :                           0 
	   Memory (MB)          :        0     2048      2048 

	Job terminated of its own accord at 2022-12-06T00:33:33Z with exit-code 0.
...
