000 (240156.000.000) 2022-12-05 18:26:59 Job submitted from host: <128.104.100.148:9618?addrs=128.104.100.148-9618+[2607-f388-107c-501-216-3eff-feb2-bc11]-9618&alias=learn.chtc.wisc.edu&noUDP&sock=schedd_6018_6d09>
...
040 (240156.000.000) 2022-12-05 18:28:30 Started transferring input files
	Transferring to host: <128.105.69.22:9618?addrs=128.105.69.22-9618+[2607-f388-2200-100-fac2-88ff-fe67-c313]-9618&alias=e344.chtc.wisc.edu&noUDP&sock=slot1_22_7246_3660_82992>
...
040 (240156.000.000) 2022-12-05 18:28:33 Finished transferring input files
...
001 (240156.000.000) 2022-12-05 18:28:35 Job executing on host: <128.105.69.22:9618?addrs=128.105.69.22-9618+[2607-f388-2200-100-fac2-88ff-fe67-c313]-9618&alias=e344.chtc.wisc.edu&noUDP&sock=startd_7225_53d8>
...
006 (240156.000.000) 2022-12-05 18:28:42 Image size of job updated: 99868
	0  -  MemoryUsage of job (MB)
	0  -  ResidentSetSize of job (KB)
...
040 (240156.000.000) 2022-12-05 18:28:43 Started transferring output files
...
040 (240156.000.000) 2022-12-05 18:28:43 Finished transferring output files
...
005 (240156.000.000) 2022-12-05 18:28:43 Job terminated.
	(1) Normal termination (return value 0)
		Usr 0 00:00:05, Sys 0 00:00:01  -  Run Remote Usage
		Usr 0 00:00:00, Sys 0 00:00:00  -  Run Local Usage
		Usr 0 00:00:05, Sys 0 00:00:01  -  Total Remote Usage
		Usr 0 00:00:00, Sys 0 00:00:00  -  Total Local Usage
	18033  -  Run Bytes Sent By Job
	39136036  -  Run Bytes Received By Job
	18033  -  Total Bytes Sent By Job
	39136036  -  Total Bytes Received By Job
	Partitionable Resources :     Usage  Request Allocated 
	   Cpus                 :      0.00        1         1 
	   Disk (KB)            : 256451     2097152   2319344 
	   IoHeavy              :                            0 
	   Memory (MB)          :      0        2048      2048 

	Job terminated of its own accord at 2022-12-06T00:28:42Z with exit-code 0.
...
