000 (240161.036.000) 2022-12-05 18:34:55 Job submitted from host: <128.104.100.148:9618?addrs=128.104.100.148-9618+[2607-f388-107c-501-216-3eff-feb2-bc11]-9618&alias=learn.chtc.wisc.edu&noUDP&sock=schedd_6018_6d09>
...
040 (240161.036.000) 2022-12-05 18:36:27 Entered queue to transfer input files
	Transferring to host: <128.105.68.229:9618?addrs=128.105.68.229-9618+[2607-f388-2200-100-1e6a-7aff-fe26-c85b]-9618&alias=e316.chtc.wisc.edu&noUDP&sock=slot1_13_5388_1554_86312>
...
040 (240161.036.000) 2022-12-05 18:36:36 Started transferring input files
	Seconds spent in queue: 9
...
040 (240161.036.000) 2022-12-05 18:36:39 Finished transferring input files
...
001 (240161.036.000) 2022-12-05 18:36:40 Job executing on host: <128.105.68.229:9618?addrs=128.105.68.229-9618+[2607-f388-2200-100-1e6a-7aff-fe26-c85b]-9618&alias=e316.chtc.wisc.edu&noUDP&sock=startd_6829_b457>
...
006 (240161.036.000) 2022-12-05 18:36:47 Image size of job updated: 36264
	0  -  MemoryUsage of job (MB)
	0  -  ResidentSetSize of job (KB)
...
040 (240161.036.000) 2022-12-05 18:36:47 Started transferring output files
	Seconds spent in queue: 20
...
040 (240161.036.000) 2022-12-05 18:36:47 Finished transferring output files
...
005 (240161.036.000) 2022-12-05 18:36:48 Job terminated.
	(1) Normal termination (return value 0)
		Usr 0 00:00:04, Sys 0 00:00:01  -  Run Remote Usage
		Usr 0 00:00:00, Sys 0 00:00:00  -  Run Local Usage
		Usr 0 00:00:04, Sys 0 00:00:01  -  Total Remote Usage
		Usr 0 00:00:00, Sys 0 00:00:00  -  Total Local Usage
	17880  -  Run Bytes Sent By Job
	39135716  -  Run Bytes Received By Job
	17880  -  Total Bytes Sent By Job
	39135716  -  Total Bytes Received By Job
	Partitionable Resources :    Usage  Request Allocated 
	   Cpus                 :                 1         1 
	   Disk (KB)            :   256441  2097152   2315828 
	   IoHeavy              :                           0 
	   Memory (MB)          :        0     2048      2048 

	Job terminated of its own accord at 2022-12-06T00:36:47Z with exit-code 0.
...
