000 (240158.004.000) 2022-12-05 18:31:45 Job submitted from host: <128.104.100.148:9618?addrs=128.104.100.148-9618+[2607-f388-107c-501-216-3eff-feb2-bc11]-9618&alias=learn.chtc.wisc.edu&noUDP&sock=schedd_6018_6d09>
...
040 (240158.004.000) 2022-12-05 18:33:21 Entered queue to transfer input files
	Transferring to host: <128.104.58.163:9618?addrs=128.104.58.163-9618+[2607-f388-1086-0-16fe-b5ff-fec6-7258]-9618&alias=e1015.chtc.wisc.edu&noUDP&sock=slot1_3_12266_41ac_59252>
...
040 (240158.004.000) 2022-12-05 18:33:37 Started transferring input files
	Seconds spent in queue: 16
...
040 (240158.004.000) 2022-12-05 18:33:40 Finished transferring input files
...
001 (240158.004.000) 2022-12-05 18:33:41 Job executing on host: <128.104.58.163:9618?addrs=128.104.58.163-9618+[2607-f388-1086-0-16fe-b5ff-fec6-7258]-9618&alias=e1015.chtc.wisc.edu&noUDP&sock=startd_10113_415c>
...
006 (240158.004.000) 2022-12-05 18:33:48 Image size of job updated: 276512
	0  -  MemoryUsage of job (MB)
	0  -  ResidentSetSize of job (KB)
...
040 (240158.004.000) 2022-12-05 18:33:49 Started transferring output files
	Seconds spent in queue: 28
...
040 (240158.004.000) 2022-12-05 18:33:49 Finished transferring output files
...
005 (240158.004.000) 2022-12-05 18:33:49 Job terminated.
	(1) Normal termination (return value 0)
		Usr 0 00:00:06, Sys 0 00:00:01  -  Run Remote Usage
		Usr 0 00:00:00, Sys 0 00:00:00  -  Run Local Usage
		Usr 0 00:00:06, Sys 0 00:00:01  -  Total Remote Usage
		Usr 0 00:00:00, Sys 0 00:00:00  -  Total Local Usage
	18133  -  Run Bytes Sent By Job
	39135656  -  Run Bytes Received By Job
	18133  -  Total Bytes Sent By Job
	39135656  -  Total Bytes Received By Job
	Partitionable Resources :    Usage  Request Allocated 
	   Cpus                 :        0        1         1 
	   Disk (KB)            :   256449  2097152   2403681 
	   IoHeavy              :                           0 
	   Memory (MB)          :        0     2048      2048 

	Job terminated of its own accord at 2022-12-06T00:33:48Z with exit-code 0.
...
