000 (240161.091.000) 2022-12-05 18:34:55 Job submitted from host: <128.104.100.148:9618?addrs=128.104.100.148-9618+[2607-f388-107c-501-216-3eff-feb2-bc11]-9618&alias=learn.chtc.wisc.edu&noUDP&sock=schedd_6018_6d09>
...
040 (240161.091.000) 2022-12-05 18:37:25 Started transferring input files
	Transferring to host: <128.104.58.187:9618?addrs=128.104.58.187-9618+[2607-f388-1086-0-16fe-b5ff-fec6-6ff4]-9618&alias=e1042.chtc.wisc.edu&noUDP&sock=slot1_3_9953_89ee_59200>
...
040 (240161.091.000) 2022-12-05 18:37:31 Finished transferring input files
...
001 (240161.091.000) 2022-12-05 18:37:33 Job executing on host: <128.104.58.187:9618?addrs=128.104.58.187-9618+[2607-f388-1086-0-16fe-b5ff-fec6-6ff4]-9618&alias=e1042.chtc.wisc.edu&noUDP&sock=startd_8044_17e9>
...
006 (240161.091.000) 2022-12-05 18:37:41 Image size of job updated: 421728
	0  -  MemoryUsage of job (MB)
	0  -  ResidentSetSize of job (KB)
...
040 (240161.091.000) 2022-12-05 18:37:42 Started transferring output files
...
040 (240161.091.000) 2022-12-05 18:37:42 Finished transferring output files
...
005 (240161.091.000) 2022-12-05 18:37:42 Job terminated.
	(1) Normal termination (return value 0)
		Usr 0 00:00:04, Sys 0 00:00:01  -  Run Remote Usage
		Usr 0 00:00:00, Sys 0 00:00:00  -  Run Local Usage
		Usr 0 00:00:04, Sys 0 00:00:01  -  Total Remote Usage
		Usr 0 00:00:00, Sys 0 00:00:00  -  Total Local Usage
	17780  -  Run Bytes Sent By Job
	39135536  -  Run Bytes Received By Job
	17780  -  Total Bytes Sent By Job
	39135536  -  Total Bytes Received By Job
	Partitionable Resources :    Usage  Request Allocated 
	   Cpus                 :                 1         1 
	   Disk (KB)            :   256440  2097152   2397543 
	   IoHeavy              :                           0 
	   Memory (MB)          :        0     2048      2048 

	Job terminated of its own accord at 2022-12-06T00:37:41Z with exit-code 0.
...
