000 (239734.000.000) 2022-12-05 00:18:58 Job submitted from host: <128.104.100.148:9618?addrs=128.104.100.148-9618+[2607-f388-107c-501-216-3eff-feb2-bc11]-9618&alias=learn.chtc.wisc.edu&noUDP&sock=schedd_6018_6d09>
...
040 (239734.000.000) 2022-12-05 00:20:23 Started transferring input files
	Transferring to host: <128.104.103.47:9618?addrs=128.104.103.47-9618+[2607-f388-107c-501-a236-9fff-fe3c-f3a0]-9618&alias=ahlquist0000.chtc.wisc.edu&noUDP&sock=slot5_34657_bdda_72406>
...
040 (239734.000.000) 2022-12-05 00:20:29 Finished transferring input files
...
001 (239734.000.000) 2022-12-05 00:20:30 Job executing on host: <128.104.103.47:9618?addrs=128.104.103.47-9618+[2607-f388-107c-501-a236-9fff-fe3c-f3a0]-9618&alias=ahlquist0000.chtc.wisc.edu&noUDP&sock=startd_7992_6cfc>
...
006 (239734.000.000) 2022-12-05 00:20:34 Image size of job updated: 596
	0  -  MemoryUsage of job (MB)
	0  -  ResidentSetSize of job (KB)
...
040 (239734.000.000) 2022-12-05 00:20:34 Started transferring output files
...
040 (239734.000.000) 2022-12-05 00:20:35 Finished transferring output files
...
005 (239734.000.000) 2022-12-05 00:20:35 Job terminated.
	(1) Normal termination (return value 1)
		Usr 0 00:00:02, Sys 0 00:00:00  -  Run Remote Usage
		Usr 0 00:00:00, Sys 0 00:00:00  -  Run Local Usage
		Usr 0 00:00:02, Sys 0 00:00:00  -  Total Remote Usage
		Usr 0 00:00:00, Sys 0 00:00:00  -  Total Local Usage
	732  -  Run Bytes Sent By Job
	42280556  -  Run Bytes Received By Job
	732  -  Total Bytes Sent By Job
	42280556  -  Total Bytes Received By Job
	Partitionable Resources :    Usage  Request Allocated Assigned
	   Cpus                 :        0        1         4 
	   Disk (KB)            :   274003  2097152 217955271 
	   Gpus (Average)       :                           1 "GPU-2ea2da95"
	   Memory (MB)          :        0     2048     47794 

	Job terminated of its own accord at 2022-12-05T06:20:34Z with exit-code 1.
...
