000 (240021.000.000) 2022-12-05 13:19:47 Job submitted from host: <128.104.100.148:9618?addrs=128.104.100.148-9618+[2607-f388-107c-501-216-3eff-feb2-bc11]-9618&alias=learn.chtc.wisc.edu&noUDP&sock=schedd_6018_6d09>
...
040 (240021.000.000) 2022-12-05 13:20:20 Started transferring input files
	Transferring to host: <128.105.68.168:9618?addrs=128.105.68.168-9618+[2607-f388-2200-100-b62e-99ff-feb7-2dcb]-9618&alias=gpulab2003.chtc.wisc.edu&noUDP&sock=backfill8_106760_d3ee_149431>
...
040 (240021.000.000) 2022-12-05 13:20:23 Finished transferring input files
...
001 (240021.000.000) 2022-12-05 13:20:24 Job executing on host: <128.105.68.168:9618?addrs=128.105.68.168-9618+[2607-f388-2200-100-b62e-99ff-feb7-2dcb]-9618&alias=gpulab2003.chtc.wisc.edu&noUDP&sock=startd_9188_c841>
...
006 (240021.000.000) 2022-12-05 13:20:28 Image size of job updated: 600
	0  -  MemoryUsage of job (MB)
	0  -  ResidentSetSize of job (KB)
...
040 (240021.000.000) 2022-12-05 13:20:28 Started transferring output files
...
040 (240021.000.000) 2022-12-05 13:20:28 Finished transferring output files
...
005 (240021.000.000) 2022-12-05 13:20:28 Job terminated.
	(1) Normal termination (return value 1)
		Usr 0 00:00:03, Sys 0 00:00:00  -  Run Remote Usage
		Usr 0 00:00:00, Sys 0 00:00:00  -  Run Local Usage
		Usr 0 00:00:03, Sys 0 00:00:00  -  Total Remote Usage
		Usr 0 00:00:00, Sys 0 00:00:00  -  Total Local Usage
	411  -  Run Bytes Sent By Job
	39136036  -  Run Bytes Received By Job
	411  -  Total Bytes Sent By Job
	39136036  -  Total Bytes Received By Job
	Partitionable Resources :    Usage  Request Allocated 
	   Cpus                 :                 1         1 
	   Disk (KB)            :   256426  2097152  45449821 
	   GPUs                 :                           0 
	   IoHeavy              :                           0 
	   Memory (MB)          :        0     2048      5973 

	Job terminated of its own accord at 2022-12-05T19:20:28Z with exit-code 1.
...
