000 (240161.071.000) 2022-12-05 18:34:55 Job submitted from host: <128.104.100.148:9618?addrs=128.104.100.148-9618+[2607-f388-107c-501-216-3eff-feb2-bc11]-9618&alias=learn.chtc.wisc.edu&noUDP&sock=schedd_6018_6d09>
...
040 (240161.071.000) 2022-12-05 18:37:02 Entered queue to transfer input files
	Transferring to host: <128.105.68.22:9618?addrs=128.105.68.22-9618+[2607-f388-2200-100-be97-e1ff-fe9d-7bae]-9618&alias=oconnor2006.chtc.wisc.edu&noUDP&sock=backfill39_62609_744b_135719>
...
040 (240161.071.000) 2022-12-05 18:37:43 Started transferring input files
	Seconds spent in queue: 41
...
040 (240161.071.000) 2022-12-05 18:37:45 Finished transferring input files
...
001 (240161.071.000) 2022-12-05 18:37:46 Job executing on host: <128.105.68.22:9618?addrs=128.105.68.22-9618+[2607-f388-2200-100-be97-e1ff-fe9d-7bae]-9618&alias=oconnor2006.chtc.wisc.edu&noUDP&sock=startd_13573_870b>
...
006 (240161.071.000) 2022-12-05 18:37:52 Image size of job updated: 130820
	0  -  MemoryUsage of job (MB)
	0  -  ResidentSetSize of job (KB)
...
040 (240161.071.000) 2022-12-05 18:37:53 Started transferring output files
	Seconds spent in queue: 51
...
040 (240161.071.000) 2022-12-05 18:37:53 Finished transferring output files
...
005 (240161.071.000) 2022-12-05 18:37:53 Job terminated.
	(1) Normal termination (return value 0)
		Usr 0 00:00:04, Sys 0 00:00:00  -  Run Remote Usage
		Usr 0 00:00:00, Sys 0 00:00:00  -  Run Local Usage
		Usr 0 00:00:04, Sys 0 00:00:00  -  Total Remote Usage
		Usr 0 00:00:00, Sys 0 00:00:00  -  Total Local Usage
	17841  -  Run Bytes Sent By Job
	39136600  -  Run Bytes Received By Job
	17841  -  Total Bytes Sent By Job
	39136600  -  Total Bytes Received By Job
	Partitionable Resources :    Usage  Request Allocated 
	   Cpus                 :        0        1         1 
	   Disk (KB)            :   256450  2097152  21776422 
	   IoHeavy              :                           0 
	   Memory (MB)          :        0     2048      6404 

	Job terminated of its own accord at 2022-12-06T00:37:52Z with exit-code 0.
...
