000 (240161.069.000) 2022-12-05 18:34:55 Job submitted from host: <128.104.100.148:9618?addrs=128.104.100.148-9618+[2607-f388-107c-501-216-3eff-feb2-bc11]-9618&alias=learn.chtc.wisc.edu&noUDP&sock=schedd_6018_6d09>
...
040 (240161.069.000) 2022-12-05 18:37:00 Entered queue to transfer input files
	Transferring to host: <128.104.58.126:9618?addrs=128.104.58.126-9618+[2607-f388-1086-0-ea9a-8fff-fe91-c3ac]-9618&alias=e543.chtc.wisc.edu&noUDP&sock=slot1_6_15098_a81f_64118>
...
040 (240161.069.000) 2022-12-05 18:37:04 Started transferring input files
	Seconds spent in queue: 4
...
040 (240161.069.000) 2022-12-05 18:37:07 Finished transferring input files
...
001 (240161.069.000) 2022-12-05 18:37:08 Job executing on host: <128.104.58.126:9618?addrs=128.104.58.126-9618+[2607-f388-1086-0-ea9a-8fff-fe91-c3ac]-9618&alias=e543.chtc.wisc.edu&noUDP&sock=startd_7266_733a>
...
006 (240161.069.000) 2022-12-05 18:37:12 Image size of job updated: 97844
	0  -  MemoryUsage of job (MB)
	0  -  ResidentSetSize of job (KB)
...
040 (240161.069.000) 2022-12-05 18:37:13 Started transferring output files
	Seconds spent in queue: 13
...
040 (240161.069.000) 2022-12-05 18:37:13 Finished transferring output files
...
005 (240161.069.000) 2022-12-05 18:37:13 Job terminated.
	(1) Normal termination (return value 0)
		Usr 0 00:00:03, Sys 0 00:00:00  -  Run Remote Usage
		Usr 0 00:00:00, Sys 0 00:00:00  -  Run Local Usage
		Usr 0 00:00:03, Sys 0 00:00:00  -  Total Remote Usage
		Usr 0 00:00:00, Sys 0 00:00:00  -  Total Local Usage
	18039  -  Run Bytes Sent By Job
	39136616  -  Run Bytes Received By Job
	18039  -  Total Bytes Sent By Job
	39136616  -  Total Bytes Received By Job
	Partitionable Resources :    Usage  Request Allocated 
	   Cpus                 :                 1         1 
	   Disk (KB)            :   256441  2097152   2199232 
	   IoHeavy              :                           0 
	   Memory (MB)          :        0     2048      2048 

	Job terminated of its own accord at 2022-12-06T00:37:12Z with exit-code 0.
...
