000 (240161.053.000) 2022-12-05 18:34:55 Job submitted from host: <128.104.100.148:9618?addrs=128.104.100.148-9618+[2607-f388-107c-501-216-3eff-feb2-bc11]-9618&alias=learn.chtc.wisc.edu&noUDP&sock=schedd_6018_6d09>
...
040 (240161.053.000) 2022-12-05 18:36:46 Entered queue to transfer input files
	Transferring to host: <128.104.58.159:9618?addrs=128.104.58.159-9618+[2607-f388-1086-0-16fe-b5ff-fec6-746b]-9618&alias=e1011.chtc.wisc.edu&noUDP&sock=slot1_11_9895_ac2b_87993>
...
040 (240161.053.000) 2022-12-05 18:37:01 Started transferring input files
	Seconds spent in queue: 15
...
040 (240161.053.000) 2022-12-05 18:37:05 Finished transferring input files
...
001 (240161.053.000) 2022-12-05 18:37:06 Job executing on host: <128.104.58.159:9618?addrs=128.104.58.159-9618+[2607-f388-1086-0-16fe-b5ff-fec6-746b]-9618&alias=e1011.chtc.wisc.edu&noUDP&sock=startd_8117_2a53>
...
006 (240161.053.000) 2022-12-05 18:37:15 Image size of job updated: 86044
	83  -  MemoryUsage of job (MB)
	84276  -  ResidentSetSize of job (KB)
...
040 (240161.053.000) 2022-12-05 18:37:15 Started transferring output files
	Seconds spent in queue: 29
...
040 (240161.053.000) 2022-12-05 18:37:15 Finished transferring output files
...
005 (240161.053.000) 2022-12-05 18:37:15 Job terminated.
	(1) Normal termination (return value 0)
		Usr 0 00:00:05, Sys 0 00:00:01  -  Run Remote Usage
		Usr 0 00:00:00, Sys 0 00:00:00  -  Run Local Usage
		Usr 0 00:00:05, Sys 0 00:00:01  -  Total Remote Usage
		Usr 0 00:00:00, Sys 0 00:00:00  -  Total Local Usage
	18058  -  Run Bytes Sent By Job
	39135056  -  Run Bytes Received By Job
	18058  -  Total Bytes Sent By Job
	39135056  -  Total Bytes Received By Job
	Partitionable Resources :    Usage  Request Allocated 
	   Cpus                 :                 1         1 
	   Disk (KB)            :   256440  2097152   2381713 
	   IoHeavy              :                           0 
	   Memory (MB)          :       83     2048      2048 

	Job terminated of its own accord at 2022-12-06T00:37:15Z with exit-code 0.
...
