000 (240158.003.000) 2022-12-05 18:31:45 Job submitted from host: <128.104.100.148:9618?addrs=128.104.100.148-9618+[2607-f388-107c-501-216-3eff-feb2-bc11]-9618&alias=learn.chtc.wisc.edu&noUDP&sock=schedd_6018_6d09>
...
040 (240158.003.000) 2022-12-05 18:33:21 Entered queue to transfer input files
	Transferring to host: <128.105.68.147:9618?addrs=128.105.68.147-9618+[2607-f388-2200-100-1e6a-7aff-fe26-c519]-9618&alias=e2412.chtc.wisc.edu&noUDP&sock=slot1_8_34963_58a7_108668>
...
040 (240158.003.000) 2022-12-05 18:33:32 Started transferring input files
	Seconds spent in queue: 11
...
040 (240158.003.000) 2022-12-05 18:33:34 Finished transferring input files
...
001 (240158.003.000) 2022-12-05 18:33:35 Job executing on host: <128.105.68.147:9618?addrs=128.105.68.147-9618+[2607-f388-2200-100-1e6a-7aff-fe26-c519]-9618&alias=e2412.chtc.wisc.edu&noUDP&sock=startd_7723_ea02>
...
006 (240158.003.000) 2022-12-05 18:33:42 Image size of job updated: 420712
	0  -  MemoryUsage of job (MB)
	0  -  ResidentSetSize of job (KB)
...
040 (240158.003.000) 2022-12-05 18:33:44 Started transferring output files
	Seconds spent in queue: 23
...
040 (240158.003.000) 2022-12-05 18:33:44 Finished transferring output files
...
005 (240158.003.000) 2022-12-05 18:33:44 Job terminated.
	(1) Normal termination (return value 0)
		Usr 0 00:00:04, Sys 0 00:00:00  -  Run Remote Usage
		Usr 0 00:00:00, Sys 0 00:00:00  -  Run Local Usage
		Usr 0 00:00:04, Sys 0 00:00:00  -  Total Remote Usage
		Usr 0 00:00:00, Sys 0 00:00:00  -  Total Local Usage
	17927  -  Run Bytes Sent By Job
	39135716  -  Run Bytes Received By Job
	17927  -  Total Bytes Sent By Job
	39135716  -  Total Bytes Received By Job
	Partitionable Resources :    Usage  Request Allocated 
	   Cpus                 :                 1         1 
	   Disk (KB)            :   256441  2097152   2331760 
	   IoHeavy              :                           0 
	   Memory (MB)          :        0     2048      2048 

	Job terminated of its own accord at 2022-12-06T00:33:42Z with exit-code 0.
...
