000 (239732.000.000) 2022-12-05 00:16:34 Job submitted from host: <128.104.100.148:9618?addrs=128.104.100.148-9618+[2607-f388-107c-501-216-3eff-feb2-bc11]-9618&alias=learn.chtc.wisc.edu&noUDP&sock=schedd_6018_6d09>
...
040 (239732.000.000) 2022-12-05 00:17:10 Started transferring input files
	Transferring to host: <128.105.68.21:9618?addrs=128.105.68.21-9618+[2607-f388-2200-100-be97-e1ff-fe9e-22be]-9618&alias=oconnor2005.chtc.wisc.edu&noUDP&sock=backfill16_103241_5fbf_148294>
...
040 (239732.000.000) 2022-12-05 00:17:16 Finished transferring input files
...
001 (239732.000.000) 2022-12-05 00:17:17 Job executing on host: <128.105.68.21:9618?addrs=128.105.68.21-9618+[2607-f388-2200-100-be97-e1ff-fe9e-22be]-9618&alias=oconnor2005.chtc.wisc.edu&noUDP&sock=startd_13181_a5eb>
...
006 (239732.000.000) 2022-12-05 00:17:18 Image size of job updated: 1
	0  -  MemoryUsage of job (MB)
	0  -  ResidentSetSize of job (KB)
...
040 (239732.000.000) 2022-12-05 00:17:23 Started transferring output files
...
040 (239732.000.000) 2022-12-05 00:17:23 Finished transferring output files
...
005 (239732.000.000) 2022-12-05 00:17:23 Job terminated.
	(1) Normal termination (return value 127)
		Usr 0 00:00:01, Sys 0 00:00:00  -  Run Remote Usage
		Usr 0 00:00:00, Sys 0 00:00:00  -  Run Local Usage
		Usr 0 00:00:01, Sys 0 00:00:00  -  Total Remote Usage
		Usr 0 00:00:00, Sys 0 00:00:00  -  Total Local Usage
	283  -  Run Bytes Sent By Job
	42280556  -  Run Bytes Received By Job
	283  -  Total Bytes Sent By Job
	42280556  -  Total Bytes Received By Job
	Partitionable Resources :    Usage  Request Allocated 
	   Cpus                 :                 1         1 
	   Disk (KB)            :   187692  2097152  21805122 
	   IoHeavy              :                           0 
	   Memory (MB)          :        0     2048      6404 

	Job terminated of its own accord at 2022-12-05T06:17:18Z with exit-code 127.
...
