000 (239739.000.000) 2022-12-05 00:29:08 Job submitted from host: <128.104.100.148:9618?addrs=128.104.100.148-9618+[2607-f388-107c-501-216-3eff-feb2-bc11]-9618&alias=learn.chtc.wisc.edu&noUDP&sock=schedd_6018_6d09>
...
040 (239739.000.000) 2022-12-05 00:30:00 Started transferring input files
	Transferring to host: <128.105.68.22:9618?addrs=128.105.68.22-9618+[2607-f388-2200-100-be97-e1ff-fe9d-7bae]-9618&alias=oconnor2006.chtc.wisc.edu&noUDP&sock=backfill36_62609_744b_131001>
...
040 (239739.000.000) 2022-12-05 00:30:04 Finished transferring input files
...
001 (239739.000.000) 2022-12-05 00:30:05 Job executing on host: <128.105.68.22:9618?addrs=128.105.68.22-9618+[2607-f388-2200-100-be97-e1ff-fe9d-7bae]-9618&alias=oconnor2006.chtc.wisc.edu&noUDP&sock=startd_13573_870b>
...
006 (239739.000.000) 2022-12-05 00:30:07 Image size of job updated: 600
	0  -  MemoryUsage of job (MB)
	0  -  ResidentSetSize of job (KB)
...
040 (239739.000.000) 2022-12-05 00:30:08 Started transferring output files
...
040 (239739.000.000) 2022-12-05 00:30:08 Finished transferring output files
...
005 (239739.000.000) 2022-12-05 00:30:08 Job terminated.
	(1) Normal termination (return value 1)
		Usr 0 00:00:01, Sys 0 00:00:00  -  Run Remote Usage
		Usr 0 00:00:00, Sys 0 00:00:00  -  Run Local Usage
		Usr 0 00:00:01, Sys 0 00:00:00  -  Total Remote Usage
		Usr 0 00:00:00, Sys 0 00:00:00  -  Total Local Usage
	732  -  Run Bytes Sent By Job
	42873228  -  Run Bytes Received By Job
	732  -  Total Bytes Sent By Job
	42873228  -  Total Bytes Received By Job
	Partitionable Resources :    Usage  Request Allocated 
	   Cpus                 :                 1         1 
	   Disk (KB)            :   276078  2097152  21776422 
	   IoHeavy              :                           0 
	   Memory (MB)          :        0     2048      6404 

	Job terminated of its own accord at 2022-12-05T06:30:07Z with exit-code 1.
...
