000 (240153.001.000) 2022-12-05 18:06:17 Job submitted from host: <128.104.100.148:9618?addrs=128.104.100.148-9618+[2607-f388-107c-501-216-3eff-feb2-bc11]-9618&alias=learn.chtc.wisc.edu&noUDP&sock=schedd_6018_6d09>
...
040 (240153.001.000) 2022-12-05 18:09:33 Entered queue to transfer input files
	Transferring to host: <128.105.69.87:9618?addrs=128.105.69.87-9618+[2607-f388-2200-100-1618-77ff-fe34-e6f4]-9618&alias=gitter2000.chtc.wisc.edu&noUDP&sock=backfill2_22232_3481_69115>
...
040 (240153.001.000) 2022-12-05 18:09:34 Started transferring input files
	Seconds spent in queue: 1
...
040 (240153.001.000) 2022-12-05 18:09:36 Finished transferring input files
...
001 (240153.001.000) 2022-12-05 18:09:37 Job executing on host: <128.105.69.87:9618?addrs=128.105.69.87-9618+[2607-f388-2200-100-1618-77ff-fe34-e6f4]-9618&alias=gitter2000.chtc.wisc.edu&noUDP&sock=startd_7191_01a0>
...
006 (240153.001.000) 2022-12-05 18:09:40 Image size of job updated: 94004
	0  -  MemoryUsage of job (MB)
	0  -  ResidentSetSize of job (KB)
...
040 (240153.001.000) 2022-12-05 18:09:42 Started transferring output files
	Seconds spent in queue: 9
...
040 (240153.001.000) 2022-12-05 18:09:42 Finished transferring output files
...
005 (240153.001.000) 2022-12-05 18:09:42 Job terminated.
	(1) Normal termination (return value 0)
		Usr 0 00:00:02, Sys 0 00:00:01  -  Run Remote Usage
		Usr 0 00:00:00, Sys 0 00:00:00  -  Run Local Usage
		Usr 0 00:00:02, Sys 0 00:00:01  -  Total Remote Usage
		Usr 0 00:00:00, Sys 0 00:00:00  -  Total Local Usage
	16705  -  Run Bytes Sent By Job
	39135160  -  Run Bytes Received By Job
	16705  -  Total Bytes Sent By Job
	39135160  -  Total Bytes Received By Job
	Partitionable Resources :    Usage  Request Allocated Assigned
	   Cpus                 :        0        1        16 
	   Disk (KB)            :   256448  2097152 133139983 
	   Gpus (Average)       :                           1 "GPU-1dc59cea"
	   Memory (MB)          :        0     2048     62802 

	Job terminated of its own accord at 2022-12-06T00:09:40Z with exit-code 0.
...
