000 (240161.010.000) 2022-12-05 18:34:55 Job submitted from host: <128.104.100.148:9618?addrs=128.104.100.148-9618+[2607-f388-107c-501-216-3eff-feb2-bc11]-9618&alias=learn.chtc.wisc.edu&noUDP&sock=schedd_6018_6d09>
...
040 (240161.010.000) 2022-12-05 18:35:35 Entered queue to transfer input files
	Transferring to host: <128.104.58.187:9618?addrs=128.104.58.187-9618+[2607-f388-1086-0-16fe-b5ff-fec6-6ff4]-9618&alias=e1042.chtc.wisc.edu&noUDP&sock=slot1_3_9953_89ee_59192>
...
040 (240161.010.000) 2022-12-05 18:35:53 Started transferring input files
	Seconds spent in queue: 18
...
040 (240161.010.000) 2022-12-05 18:35:56 Finished transferring input files
...
001 (240161.010.000) 2022-12-05 18:35:57 Job executing on host: <128.104.58.187:9618?addrs=128.104.58.187-9618+[2607-f388-1086-0-16fe-b5ff-fec6-6ff4]-9618&alias=e1042.chtc.wisc.edu&noUDP&sock=startd_8044_17e9>
...
006 (240161.010.000) 2022-12-05 18:36:03 Image size of job updated: 163252
	0  -  MemoryUsage of job (MB)
	0  -  ResidentSetSize of job (KB)
...
040 (240161.010.000) 2022-12-05 18:36:04 Started transferring output files
	Seconds spent in queue: 29
...
040 (240161.010.000) 2022-12-05 18:36:04 Finished transferring output files
...
005 (240161.010.000) 2022-12-05 18:36:05 Job terminated.
	(1) Normal termination (return value 0)
		Usr 0 00:00:05, Sys 0 00:00:01  -  Run Remote Usage
		Usr 0 00:00:00, Sys 0 00:00:00  -  Run Local Usage
		Usr 0 00:00:05, Sys 0 00:00:01  -  Total Remote Usage
		Usr 0 00:00:00, Sys 0 00:00:00  -  Total Local Usage
	18083  -  Run Bytes Sent By Job
	39135476  -  Run Bytes Received By Job
	18083  -  Total Bytes Sent By Job
	39135476  -  Total Bytes Received By Job
	Partitionable Resources :    Usage  Request Allocated 
	   Cpus                 :                 1         1 
	   Disk (KB)            :   256440  2097152   2397543 
	   IoHeavy              :                           0 
	   Memory (MB)          :        0     2048      2048 

	Job terminated of its own accord at 2022-12-06T00:36:03Z with exit-code 0.
...
