000 (240161.013.000) 2022-12-05 18:34:55 Job submitted from host: <128.104.100.148:9618?addrs=128.104.100.148-9618+[2607-f388-107c-501-216-3eff-feb2-bc11]-9618&alias=learn.chtc.wisc.edu&noUDP&sock=schedd_6018_6d09>
...
040 (240161.013.000) 2022-12-05 18:35:47 Entered queue to transfer input files
	Transferring to host: <128.105.69.38:9618?addrs=128.105.69.38-9618+[2607-f388-2200-100-1e6a-7aff-fe21-9e77]-9618&alias=e2360.chtc.wisc.edu&noUDP&sock=slot1_7_30524_ab52_81479>
...
040 (240161.013.000) 2022-12-05 18:35:47 Started transferring input files
	Seconds spent in queue: 0
...
040 (240161.013.000) 2022-12-05 18:35:50 Finished transferring input files
...
001 (240161.013.000) 2022-12-05 18:35:51 Job executing on host: <128.105.69.38:9618?addrs=128.105.69.38-9618+[2607-f388-2200-100-1e6a-7aff-fe21-9e77]-9618&alias=e2360.chtc.wisc.edu&noUDP&sock=startd_7371_78ac>
...
006 (240161.013.000) 2022-12-05 18:35:58 Image size of job updated: 123696
	0  -  MemoryUsage of job (MB)
	0  -  ResidentSetSize of job (KB)
...
040 (240161.013.000) 2022-12-05 18:36:00 Started transferring output files
	Seconds spent in queue: 13
...
040 (240161.013.000) 2022-12-05 18:36:00 Finished transferring output files
...
005 (240161.013.000) 2022-12-05 18:36:01 Job terminated.
	(1) Normal termination (return value 0)
		Usr 0 00:00:04, Sys 0 00:00:00  -  Run Remote Usage
		Usr 0 00:00:00, Sys 0 00:00:00  -  Run Local Usage
		Usr 0 00:00:04, Sys 0 00:00:00  -  Total Remote Usage
		Usr 0 00:00:00, Sys 0 00:00:00  -  Total Local Usage
	14400  -  Run Bytes Sent By Job
	39123400  -  Run Bytes Received By Job
	14400  -  Total Bytes Sent By Job
	39123400  -  Total Bytes Received By Job
	Partitionable Resources :    Usage  Request Allocated 
	   Cpus                 :                 1         1 
	   Disk (KB)            :   256426  2097152   2321145 
	   IoHeavy              :                           0 
	   Memory (MB)          :        0     2048      2048 

	Job terminated of its own accord at 2022-12-06T00:35:58Z with exit-code 0.
...
