000 (240161.082.000) 2022-12-05 18:34:55 Job submitted from host: <128.104.100.148:9618?addrs=128.104.100.148-9618+[2607-f388-107c-501-216-3eff-feb2-bc11]-9618&alias=learn.chtc.wisc.edu&noUDP&sock=schedd_6018_6d09>
...
040 (240161.082.000) 2022-12-05 18:37:13 Started transferring input files
	Transferring to host: <128.105.69.38:9618?addrs=128.105.69.38-9618+[2607-f388-2200-100-1e6a-7aff-fe21-9e77]-9618&alias=e2360.chtc.wisc.edu&noUDP&sock=slot1_7_30524_ab52_81499>
...
040 (240161.082.000) 2022-12-05 18:37:16 Finished transferring input files
...
001 (240161.082.000) 2022-12-05 18:37:17 Job executing on host: <128.105.69.38:9618?addrs=128.105.69.38-9618+[2607-f388-2200-100-1e6a-7aff-fe21-9e77]-9618&alias=e2360.chtc.wisc.edu&noUDP&sock=startd_7371_78ac>
...
006 (240161.082.000) 2022-12-05 18:37:23 Image size of job updated: 262804
	0  -  MemoryUsage of job (MB)
	0  -  ResidentSetSize of job (KB)
...
040 (240161.082.000) 2022-12-05 18:37:23 Started transferring output files
...
040 (240161.082.000) 2022-12-05 18:37:23 Finished transferring output files
...
005 (240161.082.000) 2022-12-05 18:37:23 Job terminated.
	(1) Normal termination (return value 0)
		Usr 0 00:00:04, Sys 0 00:00:00  -  Run Remote Usage
		Usr 0 00:00:00, Sys 0 00:00:00  -  Run Local Usage
		Usr 0 00:00:04, Sys 0 00:00:00  -  Total Remote Usage
		Usr 0 00:00:00, Sys 0 00:00:00  -  Total Local Usage
	14872  -  Run Bytes Sent By Job
	39125144  -  Run Bytes Received By Job
	14872  -  Total Bytes Sent By Job
	39125144  -  Total Bytes Received By Job
	Partitionable Resources :    Usage  Request Allocated 
	   Cpus                 :                 1         1 
	   Disk (KB)            :   256428  2097152   2321145 
	   IoHeavy              :                           0 
	   Memory (MB)          :        0     2048      2048 

	Job terminated of its own accord at 2022-12-06T00:37:23Z with exit-code 0.
...
