000 (240161.051.000) 2022-12-05 18:34:55 Job submitted from host: <128.104.100.148:9618?addrs=128.104.100.148-9618+[2607-f388-107c-501-216-3eff-feb2-bc11]-9618&alias=learn.chtc.wisc.edu&noUDP&sock=schedd_6018_6d09>
...
040 (240161.051.000) 2022-12-05 18:36:46 Entered queue to transfer input files
	Transferring to host: <128.105.68.22:9618?addrs=128.105.68.22-9618+[2607-f388-2200-100-be97-e1ff-fe9d-7bae]-9618&alias=oconnor2006.chtc.wisc.edu&noUDP&sock=backfill39_62609_744b_135718>
...
040 (240161.051.000) 2022-12-05 18:36:47 Started transferring input files
	Seconds spent in queue: 1
...
040 (240161.051.000) 2022-12-05 18:36:49 Finished transferring input files
...
001 (240161.051.000) 2022-12-05 18:36:50 Job executing on host: <128.105.68.22:9618?addrs=128.105.68.22-9618+[2607-f388-2200-100-be97-e1ff-fe9d-7bae]-9618&alias=oconnor2006.chtc.wisc.edu&noUDP&sock=startd_13573_870b>
...
006 (240161.051.000) 2022-12-05 18:36:55 Image size of job updated: 95436
	0  -  MemoryUsage of job (MB)
	0  -  ResidentSetSize of job (KB)
...
040 (240161.051.000) 2022-12-05 18:36:56 Started transferring output files
	Seconds spent in queue: 10
...
040 (240161.051.000) 2022-12-05 18:36:56 Finished transferring output files
...
005 (240161.051.000) 2022-12-05 18:36:56 Job terminated.
	(1) Normal termination (return value 0)
		Usr 0 00:00:04, Sys 0 00:00:00  -  Run Remote Usage
		Usr 0 00:00:00, Sys 0 00:00:00  -  Run Local Usage
		Usr 0 00:00:04, Sys 0 00:00:00  -  Total Remote Usage
		Usr 0 00:00:00, Sys 0 00:00:00  -  Total Local Usage
	17952  -  Run Bytes Sent By Job
	39135704  -  Run Bytes Received By Job
	17952  -  Total Bytes Sent By Job
	39135704  -  Total Bytes Received By Job
	Partitionable Resources :    Usage  Request Allocated 
	   Cpus                 :                 1         1 
	   Disk (KB)            :   256440  2097152  21776422 
	   IoHeavy              :                           0 
	   Memory (MB)          :        0     2048      6404 

	Job terminated of its own accord at 2022-12-06T00:36:55Z with exit-code 0.
...
