000 (240161.079.000) 2022-12-05 18:34:55 Job submitted from host: <128.104.100.148:9618?addrs=128.104.100.148-9618+[2607-f388-107c-501-216-3eff-feb2-bc11]-9618&alias=learn.chtc.wisc.edu&noUDP&sock=schedd_6018_6d09>
...
040 (240161.079.000) 2022-12-05 18:37:13 Entered queue to transfer input files
	Transferring to host: <128.104.58.197:9618?addrs=128.104.58.197-9618+[2607-f388-1086-0-16fe-b5ff-fec6-7a4a]-9618&alias=e1056.chtc.wisc.edu&noUDP&sock=slot1_15_12315_c80e_87487>
...
040 (240161.079.000) 2022-12-05 18:37:53 Started transferring input files
	Seconds spent in queue: 40
...
040 (240161.079.000) 2022-12-05 18:37:56 Finished transferring input files
...
001 (240161.079.000) 2022-12-05 18:37:57 Job executing on host: <128.104.58.197:9618?addrs=128.104.58.197-9618+[2607-f388-1086-0-16fe-b5ff-fec6-7a4a]-9618&alias=e1056.chtc.wisc.edu&noUDP&sock=startd_10115_a08c>
...
006 (240161.079.000) 2022-12-05 18:38:04 Image size of job updated: 46608
	0  -  MemoryUsage of job (MB)
	0  -  ResidentSetSize of job (KB)
...
040 (240161.079.000) 2022-12-05 18:38:04 Started transferring output files
	Seconds spent in queue: 51
...
040 (240161.079.000) 2022-12-05 18:38:04 Finished transferring output files
...
005 (240161.079.000) 2022-12-05 18:38:04 Job terminated.
	(1) Normal termination (return value 0)
		Usr 0 00:00:05, Sys 0 00:00:01  -  Run Remote Usage
		Usr 0 00:00:00, Sys 0 00:00:00  -  Run Local Usage
		Usr 0 00:00:05, Sys 0 00:00:01  -  Total Remote Usage
		Usr 0 00:00:00, Sys 0 00:00:00  -  Total Local Usage
	18102  -  Run Bytes Sent By Job
	39136980  -  Run Bytes Received By Job
	18102  -  Total Bytes Sent By Job
	39136980  -  Total Bytes Received By Job
	Partitionable Resources :    Usage  Request Allocated 
	   Cpus                 :                 1         1 
	   Disk (KB)            :   256442  2097152   2329023 
	   IoHeavy              :                           0 
	   Memory (MB)          :        0     2048      2048 

	Job terminated of its own accord at 2022-12-06T00:38:04Z with exit-code 0.
...
