000 (240161.048.000) 2022-12-05 18:34:55 Job submitted from host: <128.104.100.148:9618?addrs=128.104.100.148-9618+[2607-f388-107c-501-216-3eff-feb2-bc11]-9618&alias=learn.chtc.wisc.edu&noUDP&sock=schedd_6018_6d09>
...
040 (240161.048.000) 2022-12-05 18:36:44 Started transferring input files
	Transferring to host: <128.105.68.249:9618?addrs=128.105.68.249-9618+[2607-f388-2200-100-22a-6aff-fee0-da5b]-9618&alias=e2336.chtc.wisc.edu&noUDP&sock=slot1_19_11534_7f0e_88087>
...
040 (240161.048.000) 2022-12-05 18:36:47 Finished transferring input files
...
001 (240161.048.000) 2022-12-05 18:36:48 Job executing on host: <128.105.68.249:9618?addrs=128.105.68.249-9618+[2607-f388-2200-100-22a-6aff-fee0-da5b]-9618&alias=e2336.chtc.wisc.edu&noUDP&sock=startd_7515_3e4f>
...
006 (240161.048.000) 2022-12-05 18:36:55 Image size of job updated: 143784
	0  -  MemoryUsage of job (MB)
	0  -  ResidentSetSize of job (KB)
...
040 (240161.048.000) 2022-12-05 18:36:55 Started transferring output files
...
040 (240161.048.000) 2022-12-05 18:36:55 Finished transferring output files
...
005 (240161.048.000) 2022-12-05 18:36:55 Job terminated.
	(1) Normal termination (return value 0)
		Usr 0 00:00:05, Sys 0 00:00:01  -  Run Remote Usage
		Usr 0 00:00:00, Sys 0 00:00:00  -  Run Local Usage
		Usr 0 00:00:05, Sys 0 00:00:01  -  Total Remote Usage
		Usr 0 00:00:00, Sys 0 00:00:00  -  Total Local Usage
	18197  -  Run Bytes Sent By Job
	39135200  -  Run Bytes Received By Job
	18197  -  Total Bytes Sent By Job
	39135200  -  Total Bytes Received By Job
	Partitionable Resources :    Usage  Request Allocated 
	   Cpus                 :                 1         1 
	   Disk (KB)            :   256440  2097152   2336643 
	   IoHeavy              :                           0 
	   Memory (MB)          :        0     2048      2048 

	Job terminated of its own accord at 2022-12-06T00:36:55Z with exit-code 0.
...
