000 (240161.032.000) 2022-12-05 18:34:55 Job submitted from host: <128.104.100.148:9618?addrs=128.104.100.148-9618+[2607-f388-107c-501-216-3eff-feb2-bc11]-9618&alias=learn.chtc.wisc.edu&noUDP&sock=schedd_6018_6d09>
...
040 (240161.032.000) 2022-12-05 18:36:21 Entered queue to transfer input files
	Transferring to host: <128.104.58.197:9618?addrs=128.104.58.197-9618+[2607-f388-1086-0-16fe-b5ff-fec6-7a4a]-9618&alias=e1056.chtc.wisc.edu&noUDP&sock=slot1_15_12315_c80e_87484>
...
040 (240161.032.000) 2022-12-05 18:36:25 Started transferring input files
	Seconds spent in queue: 4
...
040 (240161.032.000) 2022-12-05 18:36:29 Finished transferring input files
...
001 (240161.032.000) 2022-12-05 18:36:31 Job executing on host: <128.104.58.197:9618?addrs=128.104.58.197-9618+[2607-f388-1086-0-16fe-b5ff-fec6-7a4a]-9618&alias=e1056.chtc.wisc.edu&noUDP&sock=startd_10115_a08c>
...
006 (240161.032.000) 2022-12-05 18:36:37 Image size of job updated: 600
	0  -  MemoryUsage of job (MB)
	0  -  ResidentSetSize of job (KB)
...
040 (240161.032.000) 2022-12-05 18:36:38 Started transferring output files
	Seconds spent in queue: 17
...
040 (240161.032.000) 2022-12-05 18:36:38 Finished transferring output files
...
005 (240161.032.000) 2022-12-05 18:36:38 Job terminated.
	(1) Normal termination (return value 0)
		Usr 0 00:00:04, Sys 0 00:00:01  -  Run Remote Usage
		Usr 0 00:00:00, Sys 0 00:00:00  -  Run Local Usage
		Usr 0 00:00:04, Sys 0 00:00:01  -  Total Remote Usage
		Usr 0 00:00:00, Sys 0 00:00:00  -  Total Local Usage
	10489  -  Run Bytes Sent By Job
	39113020  -  Run Bytes Received By Job
	10489  -  Total Bytes Sent By Job
	39113020  -  Total Bytes Received By Job
	Partitionable Resources :    Usage  Request Allocated 
	   Cpus                 :                 1         1 
	   Disk (KB)            :   256411  2097152   2329023 
	   IoHeavy              :                           0 
	   Memory (MB)          :        0     2048      2048 

	Job terminated of its own accord at 2022-12-06T00:36:37Z with exit-code 0.
...
