000 (240161.042.000) 2022-12-05 18:34:55 Job submitted from host: <128.104.100.148:9618?addrs=128.104.100.148-9618+[2607-f388-107c-501-216-3eff-feb2-bc11]-9618&alias=learn.chtc.wisc.edu&noUDP&sock=schedd_6018_6d09>
...
040 (240161.042.000) 2022-12-05 18:36:38 Started transferring input files
	Transferring to host: <128.104.58.165:9618?addrs=128.104.58.165-9618+[2607-f388-1086-0-d267-e5ff-fefb-eefc]-9618&alias=e1017.chtc.wisc.edu&noUDP&sock=slot1_8_11444_154a_127805>
...
040 (240161.042.000) 2022-12-05 18:36:40 Finished transferring input files
...
001 (240161.042.000) 2022-12-05 18:36:41 Job executing on host: <128.104.58.165:9618?addrs=128.104.58.165-9618+[2607-f388-1086-0-d267-e5ff-fefb-eefc]-9618&alias=e1017.chtc.wisc.edu&noUDP&sock=startd_10085_0cb5>
...
006 (240161.042.000) 2022-12-05 18:36:49 Image size of job updated: 163252
	0  -  MemoryUsage of job (MB)
	0  -  ResidentSetSize of job (KB)
...
040 (240161.042.000) 2022-12-05 18:36:49 Started transferring output files
...
040 (240161.042.000) 2022-12-05 18:36:49 Finished transferring output files
...
005 (240161.042.000) 2022-12-05 18:36:49 Job terminated.
	(1) Normal termination (return value 0)
		Usr 0 00:00:05, Sys 0 00:00:01  -  Run Remote Usage
		Usr 0 00:00:00, Sys 0 00:00:00  -  Run Local Usage
		Usr 0 00:00:05, Sys 0 00:00:01  -  Total Remote Usage
		Usr 0 00:00:00, Sys 0 00:00:00  -  Total Local Usage
	18103  -  Run Bytes Sent By Job
	39135852  -  Run Bytes Received By Job
	18103  -  Total Bytes Sent By Job
	39135852  -  Total Bytes Received By Job
	Partitionable Resources :    Usage  Request Allocated 
	   Cpus                 :                 1         1 
	   Disk (KB)            :   256441  2097152   2301499 
	   IoHeavy              :                           0 
	   Memory (MB)          :        0     2048      2048 

	Job terminated of its own accord at 2022-12-06T00:36:49Z with exit-code 0.
...
