000 (240161.050.000) 2022-12-05 18:34:55 Job submitted from host: <128.104.100.148:9618?addrs=128.104.100.148-9618+[2607-f388-107c-501-216-3eff-feb2-bc11]-9618&alias=learn.chtc.wisc.edu&noUDP&sock=schedd_6018_6d09>
...
040 (240161.050.000) 2022-12-05 18:36:46 Entered queue to transfer input files
	Transferring to host: <128.105.68.253:9618?addrs=128.105.68.253-9618+[2607-f388-2200-100-1e6a-7aff-fe21-9e9b]-9618&alias=e340.chtc.wisc.edu&noUDP&sock=slot1_4_28757_a86a_15299>
...
040 (240161.050.000) 2022-12-05 18:36:55 Started transferring input files
	Seconds spent in queue: 9
...
040 (240161.050.000) 2022-12-05 18:36:58 Finished transferring input files
...
001 (240161.050.000) 2022-12-05 18:36:59 Job executing on host: <128.105.68.253:9618?addrs=128.105.68.253-9618+[2607-f388-2200-100-1e6a-7aff-fe21-9e9b]-9618&alias=e340.chtc.wisc.edu&noUDP&sock=startd_28672_2f86>
...
006 (240161.050.000) 2022-12-05 18:37:05 Image size of job updated: 96948
	0  -  MemoryUsage of job (MB)
	0  -  ResidentSetSize of job (KB)
...
040 (240161.050.000) 2022-12-05 18:37:06 Started transferring output files
	Seconds spent in queue: 20
...
040 (240161.050.000) 2022-12-05 18:37:06 Finished transferring output files
...
005 (240161.050.000) 2022-12-05 18:37:06 Job terminated.
	(1) Normal termination (return value 0)
		Usr 0 00:00:05, Sys 0 00:00:01  -  Run Remote Usage
		Usr 0 00:00:00, Sys 0 00:00:00  -  Run Local Usage
		Usr 0 00:00:05, Sys 0 00:00:01  -  Total Remote Usage
		Usr 0 00:00:00, Sys 0 00:00:00  -  Total Local Usage
	18254  -  Run Bytes Sent By Job
	39136116  -  Run Bytes Received By Job
	18254  -  Total Bytes Sent By Job
	39136116  -  Total Bytes Received By Job
	Partitionable Resources :    Usage  Request Allocated 
	   Cpus                 :                 1         1 
	   Disk (KB)            :   256441  2097152   2338972 
	   IoHeavy              :                           0 
	   Memory (MB)          :        0     2048      2048 

	Job terminated of its own accord at 2022-12-06T00:37:05Z with exit-code 0.
...
