000 (240161.086.000) 2022-12-05 18:34:55 Job submitted from host: <128.104.100.148:9618?addrs=128.104.100.148-9618+[2607-f388-107c-501-216-3eff-feb2-bc11]-9618&alias=learn.chtc.wisc.edu&noUDP&sock=schedd_6018_6d09>
...
040 (240161.086.000) 2022-12-05 18:37:22 Entered queue to transfer input files
	Transferring to host: <128.104.58.207:9618?addrs=128.104.58.207-9618+[2607-f388-1086-0-16fe-b5ff-fec6-7b2b]-9618&alias=e1058.chtc.wisc.edu&noUDP&sock=slot1_3_12085_b9c5_58796>
...
040 (240161.086.000) 2022-12-05 18:37:58 Started transferring input files
	Seconds spent in queue: 36
...
040 (240161.086.000) 2022-12-05 18:38:02 Finished transferring input files
...
001 (240161.086.000) 2022-12-05 18:38:03 Job executing on host: <128.104.58.207:9618?addrs=128.104.58.207-9618+[2607-f388-1086-0-16fe-b5ff-fec6-7b2b]-9618&alias=e1058.chtc.wisc.edu&noUDP&sock=startd_10119_5eed>
...
006 (240161.086.000) 2022-12-05 18:38:12 Image size of job updated: 262396
	157  -  MemoryUsage of job (MB)
	159924  -  ResidentSetSize of job (KB)
...
040 (240161.086.000) 2022-12-05 18:38:15 Started transferring output files
	Seconds spent in queue: 53
...
040 (240161.086.000) 2022-12-05 18:38:15 Finished transferring output files
...
005 (240161.086.000) 2022-12-05 18:38:15 Job terminated.
	(1) Normal termination (return value 0)
		Usr 0 00:00:05, Sys 0 00:00:01  -  Run Remote Usage
		Usr 0 00:00:00, Sys 0 00:00:00  -  Run Local Usage
		Usr 0 00:00:05, Sys 0 00:00:01  -  Total Remote Usage
		Usr 0 00:00:00, Sys 0 00:00:00  -  Total Local Usage
	18398  -  Run Bytes Sent By Job
	39135552  -  Run Bytes Received By Job
	18398  -  Total Bytes Sent By Job
	39135552  -  Total Bytes Received By Job
	Partitionable Resources :    Usage  Request Allocated 
	   Cpus                 :                 1         1 
	   Disk (KB)            :   256441  2097152   2378528 
	   IoHeavy              :                           0 
	   Memory (MB)          :      157     2048      2048 

	Job terminated of its own accord at 2022-12-06T00:38:14Z with exit-code 0.
...
