000 (240161.065.000) 2022-12-05 18:34:55 Job submitted from host: <128.104.100.148:9618?addrs=128.104.100.148-9618+[2607-f388-107c-501-216-3eff-feb2-bc11]-9618&alias=learn.chtc.wisc.edu&noUDP&sock=schedd_6018_6d09>
...
040 (240161.065.000) 2022-12-05 18:36:57 Entered queue to transfer input files
	Transferring to host: <128.104.58.190:9618?addrs=128.104.58.190-9618+[2607-f388-1086-0-16fe-b5ff-fec6-7c4b]-9618&alias=e1045.chtc.wisc.edu&noUDP&sock=slot1_3_11854_f71b_58904>
...
040 (240161.065.000) 2022-12-05 18:37:40 Started transferring input files
	Seconds spent in queue: 43
...
040 (240161.065.000) 2022-12-05 18:37:43 Finished transferring input files
...
001 (240161.065.000) 2022-12-05 18:37:44 Job executing on host: <128.104.58.190:9618?addrs=128.104.58.190-9618+[2607-f388-1086-0-16fe-b5ff-fec6-7c4b]-9618&alias=e1045.chtc.wisc.edu&noUDP&sock=startd_10174_18a3>
...
006 (240161.065.000) 2022-12-05 18:37:53 Image size of job updated: 278000
	158  -  MemoryUsage of job (MB)
	160948  -  ResidentSetSize of job (KB)
...
040 (240161.065.000) 2022-12-05 18:37:55 Started transferring output files
	Seconds spent in queue: 58
...
040 (240161.065.000) 2022-12-05 18:37:55 Finished transferring output files
...
005 (240161.065.000) 2022-12-05 18:37:55 Job terminated.
	(1) Normal termination (return value 0)
		Usr 0 00:00:05, Sys 0 00:00:01  -  Run Remote Usage
		Usr 0 00:00:00, Sys 0 00:00:00  -  Run Local Usage
		Usr 0 00:00:05, Sys 0 00:00:01  -  Total Remote Usage
		Usr 0 00:00:00, Sys 0 00:00:00  -  Total Local Usage
	18594  -  Run Bytes Sent By Job
	39135544  -  Run Bytes Received By Job
	18594  -  Total Bytes Sent By Job
	39135544  -  Total Bytes Received By Job
	Partitionable Resources :     Usage  Request Allocated 
	   Cpus                 :      0.08        1         1 
	   Disk (KB)            : 256450     2097152   2394879 
	   IoHeavy              :                            0 
	   Memory (MB)          :    158        2048      2048 

	Job terminated of its own accord at 2022-12-06T00:37:55Z with exit-code 0.
...
