000 (240161.081.000) 2022-12-05 18:34:55 Job submitted from host: <128.104.100.148:9618?addrs=128.104.100.148-9618+[2607-f388-107c-501-216-3eff-feb2-bc11]-9618&alias=learn.chtc.wisc.edu&noUDP&sock=schedd_6018_6d09>
...
040 (240161.081.000) 2022-12-05 18:37:12 Started transferring input files
	Transferring to host: <128.105.68.249:9618?addrs=128.105.68.249-9618+[2607-f388-2200-100-22a-6aff-fee0-da5b]-9618&alias=e2336.chtc.wisc.edu&noUDP&sock=slot1_19_11534_7f0e_88090>
...
040 (240161.081.000) 2022-12-05 18:37:14 Finished transferring input files
...
001 (240161.081.000) 2022-12-05 18:37:15 Job executing on host: <128.105.68.249:9618?addrs=128.105.68.249-9618+[2607-f388-2200-100-22a-6aff-fee0-da5b]-9618&alias=e2336.chtc.wisc.edu&noUDP&sock=startd_7515_3e4f>
...
006 (240161.081.000) 2022-12-05 18:37:20 Image size of job updated: 60904
	0  -  MemoryUsage of job (MB)
	0  -  ResidentSetSize of job (KB)
...
040 (240161.081.000) 2022-12-05 18:37:20 Started transferring output files
...
040 (240161.081.000) 2022-12-05 18:37:20 Finished transferring output files
...
005 (240161.081.000) 2022-12-05 18:37:20 Job terminated.
	(1) Normal termination (return value 0)
		Usr 0 00:00:03, Sys 0 00:00:00  -  Run Remote Usage
		Usr 0 00:00:00, Sys 0 00:00:00  -  Run Local Usage
		Usr 0 00:00:03, Sys 0 00:00:00  -  Total Remote Usage
		Usr 0 00:00:00, Sys 0 00:00:00  -  Total Local Usage
	12110  -  Run Bytes Sent By Job
	39115616  -  Run Bytes Received By Job
	12110  -  Total Bytes Sent By Job
	39115616  -  Total Bytes Received By Job
	Partitionable Resources :    Usage  Request Allocated 
	   Cpus                 :                 1         1 
	   Disk (KB)            :   256416  2097152   2336643 
	   IoHeavy              :                           0 
	   Memory (MB)          :        0     2048      2048 

	Job terminated of its own accord at 2022-12-06T00:37:20Z with exit-code 0.
...
