000 (240161.074.000) 2022-12-05 18:34:55 Job submitted from host: <128.104.100.148:9618?addrs=128.104.100.148-9618+[2607-f388-107c-501-216-3eff-feb2-bc11]-9618&alias=learn.chtc.wisc.edu&noUDP&sock=schedd_6018_6d09>
...
040 (240161.074.000) 2022-12-05 18:37:08 Entered queue to transfer input files
	Transferring to host: <128.104.58.166:9618?addrs=128.104.58.166-9618+[2607-f388-1086-0-16fe-b5ff-fec6-6f2e]-9618&alias=e1018.chtc.wisc.edu&noUDP&sock=slot1_12_12212_356a_95727>
...
040 (240161.074.000) 2022-12-05 18:37:45 Started transferring input files
	Seconds spent in queue: 37
...
040 (240161.074.000) 2022-12-05 18:37:49 Finished transferring input files
...
001 (240161.074.000) 2022-12-05 18:37:50 Job executing on host: <128.104.58.166:9618?addrs=128.104.58.166-9618+[2607-f388-1086-0-16fe-b5ff-fec6-6f2e]-9618&alias=e1018.chtc.wisc.edu&noUDP&sock=startd_10204_ac7a>
...
006 (240161.074.000) 2022-12-05 18:37:59 Image size of job updated: 36264
	1  -  MemoryUsage of job (MB)
	592  -  ResidentSetSize of job (KB)
...
006 (240161.074.000) 2022-12-05 18:38:05 Image size of job updated: 150836
	1  -  MemoryUsage of job (MB)
	592  -  ResidentSetSize of job (KB)
...
040 (240161.074.000) 2022-12-05 18:38:05 Started transferring output files
	Seconds spent in queue: 57
...
040 (240161.074.000) 2022-12-05 18:38:05 Finished transferring output files
...
005 (240161.074.000) 2022-12-05 18:38:05 Job terminated.
	(1) Normal termination (return value 0)
		Usr 0 00:00:04, Sys 0 00:00:01  -  Run Remote Usage
		Usr 0 00:00:00, Sys 0 00:00:00  -  Run Local Usage
		Usr 0 00:00:04, Sys 0 00:00:01  -  Total Remote Usage
		Usr 0 00:00:00, Sys 0 00:00:00  -  Total Local Usage
	18027  -  Run Bytes Sent By Job
	39136052  -  Run Bytes Received By Job
	18027  -  Total Bytes Sent By Job
	39136052  -  Total Bytes Received By Job
	Partitionable Resources :    Usage  Request Allocated 
	   Cpus                 :                 1         1 
	   Disk (KB)            :   256441  2097152   2313029 
	   IoHeavy              :                           0 
	   Memory (MB)          :        1     2048      2048 

	Job terminated of its own accord at 2022-12-06T00:38:05Z with exit-code 0.
...
