000 (240156.001.000) 2022-12-05 18:26:59 Job submitted from host: <128.104.100.148:9618?addrs=128.104.100.148-9618+[2607-f388-107c-501-216-3eff-feb2-bc11]-9618&alias=learn.chtc.wisc.edu&noUDP&sock=schedd_6018_6d09>
...
040 (240156.001.000) 2022-12-05 18:28:31 Started transferring input files
	Transferring to host: <128.104.58.158:9618?addrs=128.104.58.158-9618+[2607-f388-1086-0-16fe-b5ff-fec6-7933]-9618&alias=e1010.chtc.wisc.edu&noUDP&sock=slot1_9_12273_304c_78569>
...
040 (240156.001.000) 2022-12-05 18:28:50 Finished transferring input files
...
001 (240156.001.000) 2022-12-05 18:28:52 Job executing on host: <128.104.58.158:9618?addrs=128.104.58.158-9618+[2607-f388-1086-0-16fe-b5ff-fec6-7933]-9618&alias=e1010.chtc.wisc.edu&noUDP&sock=startd_10183_44fd>
...
006 (240156.001.000) 2022-12-05 18:28:59 Image size of job updated: 107988
	0  -  MemoryUsage of job (MB)
	0  -  ResidentSetSize of job (KB)
...
040 (240156.001.000) 2022-12-05 18:29:00 Started transferring output files
...
040 (240156.001.000) 2022-12-05 18:29:00 Finished transferring output files
...
005 (240156.001.000) 2022-12-05 18:29:00 Job terminated.
	(1) Normal termination (return value 0)
		Usr 0 00:00:04, Sys 0 00:00:01  -  Run Remote Usage
		Usr 0 00:00:00, Sys 0 00:00:00  -  Run Local Usage
		Usr 0 00:00:04, Sys 0 00:00:01  -  Total Remote Usage
		Usr 0 00:00:00, Sys 0 00:00:00  -  Total Local Usage
	16705  -  Run Bytes Sent By Job
	39135164  -  Run Bytes Received By Job
	16705  -  Total Bytes Sent By Job
	39135164  -  Total Bytes Received By Job
	Partitionable Resources :     Usage  Request Allocated 
	   Cpus                 :      0.17        1         1 
	   Disk (KB)            : 256448     2097152   2311336 
	   IoHeavy              :                            0 
	   Memory (MB)          :      0        2048      2048 

	Job terminated of its own accord at 2022-12-06T00:28:59Z with exit-code 0.
...
