000 (240161.037.000) 2022-12-05 18:34:55 Job submitted from host: <128.104.100.148:9618?addrs=128.104.100.148-9618+[2607-f388-107c-501-216-3eff-feb2-bc11]-9618&alias=learn.chtc.wisc.edu&noUDP&sock=schedd_6018_6d09>
...
040 (240161.037.000) 2022-12-05 18:36:29 Entered queue to transfer input files
	Transferring to host: <128.104.58.190:9618?addrs=128.104.58.190-9618+[2607-f388-1086-0-16fe-b5ff-fec6-7c4b]-9618&alias=e1045.chtc.wisc.edu&noUDP&sock=slot1_3_11854_f71b_58900>
...
040 (240161.037.000) 2022-12-05 18:36:39 Started transferring input files
	Seconds spent in queue: 10
...
040 (240161.037.000) 2022-12-05 18:36:42 Finished transferring input files
...
001 (240161.037.000) 2022-12-05 18:36:44 Job executing on host: <128.104.58.190:9618?addrs=128.104.58.190-9618+[2607-f388-1086-0-16fe-b5ff-fec6-7c4b]-9618&alias=e1045.chtc.wisc.edu&noUDP&sock=startd_10174_18a3>
...
006 (240161.037.000) 2022-12-05 18:36:50 Image size of job updated: 588
	0  -  MemoryUsage of job (MB)
	0  -  ResidentSetSize of job (KB)
...
040 (240161.037.000) 2022-12-05 18:36:50 Started transferring output files
	Seconds spent in queue: 21
...
040 (240161.037.000) 2022-12-05 18:36:50 Finished transferring output files
...
005 (240161.037.000) 2022-12-05 18:36:50 Job terminated.
	(1) Normal termination (return value 0)
		Usr 0 00:00:05, Sys 0 00:00:01  -  Run Remote Usage
		Usr 0 00:00:00, Sys 0 00:00:00  -  Run Local Usage
		Usr 0 00:00:05, Sys 0 00:00:01  -  Total Remote Usage
		Usr 0 00:00:00, Sys 0 00:00:00  -  Total Local Usage
	14112  -  Run Bytes Sent By Job
	39122024  -  Run Bytes Received By Job
	14112  -  Total Bytes Sent By Job
	39122024  -  Total Bytes Received By Job
	Partitionable Resources :    Usage  Request Allocated 
	   Cpus                 :                 1         1 
	   Disk (KB)            :   256423  2097152   2394879 
	   IoHeavy              :                           0 
	   Memory (MB)          :        0     2048      2048 

	Job terminated of its own accord at 2022-12-06T00:36:50Z with exit-code 0.
...
