000 (239739.001.000) 2022-12-05 00:29:08 Job submitted from host: <128.104.100.148:9618?addrs=128.104.100.148-9618+[2607-f388-107c-501-216-3eff-feb2-bc11]-9618&alias=learn.chtc.wisc.edu&noUDP&sock=schedd_6018_6d09>
...
040 (239739.001.000) 2022-12-05 00:30:00 Started transferring input files
	Transferring to host: <128.105.68.19:9618?addrs=128.105.68.19-9618+[2607-f388-2200-100-be97-e1ff-fe9e-57e]-9618&alias=oconnor2003.chtc.wisc.edu&noUDP&sock=backfill2_133145_727f_106327>
...
040 (239739.001.000) 2022-12-05 00:30:04 Finished transferring input files
...
001 (239739.001.000) 2022-12-05 00:30:05 Job executing on host: <128.105.68.19:9618?addrs=128.105.68.19-9618+[2607-f388-2200-100-be97-e1ff-fe9e-57e]-9618&alias=oconnor2003.chtc.wisc.edu&noUDP&sock=startd_10340_f55b>
...
006 (239739.001.000) 2022-12-05 00:30:08 Image size of job updated: 36264
	0  -  MemoryUsage of job (MB)
	0  -  ResidentSetSize of job (KB)
...
040 (239739.001.000) 2022-12-05 00:30:11 Started transferring output files
...
040 (239739.001.000) 2022-12-05 00:30:11 Finished transferring output files
...
005 (239739.001.000) 2022-12-05 00:30:11 Job terminated.
	(1) Normal termination (return value 1)
		Usr 0 00:00:02, Sys 0 00:00:00  -  Run Remote Usage
		Usr 0 00:00:00, Sys 0 00:00:00  -  Run Local Usage
		Usr 0 00:00:02, Sys 0 00:00:00  -  Total Remote Usage
		Usr 0 00:00:00, Sys 0 00:00:00  -  Total Local Usage
	732  -  Run Bytes Sent By Job
	42872356  -  Run Bytes Received By Job
	732  -  Total Bytes Sent By Job
	42872356  -  Total Bytes Received By Job
	Partitionable Resources :    Usage  Request Allocated 
	   Cpus                 :                 1         1 
	   Disk (KB)            :   276077  2097152  33030123 
	   IoHeavy              :                           0 
	   Memory (MB)          :        0     2048     12250 

	Job terminated of its own accord at 2022-12-05T06:30:08Z with exit-code 1.
...
