000 (240161.049.000) 2022-12-05 18:34:55 Job submitted from host: <128.104.100.148:9618?addrs=128.104.100.148-9618+[2607-f388-107c-501-216-3eff-feb2-bc11]-9618&alias=learn.chtc.wisc.edu&noUDP&sock=schedd_6018_6d09>
...
040 (240161.049.000) 2022-12-05 18:36:46 Entered queue to transfer input files
	Transferring to host: <128.105.68.212:9618?addrs=128.105.68.212-9618+[2607-f388-2200-100-1e6a-7aff-fe26-ca0f]-9618&alias=e2299.chtc.wisc.edu&noUDP&sock=slot1_16_15647_7a15_82285>
...
040 (240161.049.000) 2022-12-05 18:36:51 Started transferring input files
	Seconds spent in queue: 5
...
040 (240161.049.000) 2022-12-05 18:36:54 Finished transferring input files
...
001 (240161.049.000) 2022-12-05 18:36:55 Job executing on host: <128.105.68.212:9618?addrs=128.105.68.212-9618+[2607-f388-2200-100-1e6a-7aff-fe26-ca0f]-9618&alias=e2299.chtc.wisc.edu&noUDP&sock=startd_7650_d798>
...
006 (240161.049.000) 2022-12-05 18:37:01 Image size of job updated: 59268
	0  -  MemoryUsage of job (MB)
	0  -  ResidentSetSize of job (KB)
...
040 (240161.049.000) 2022-12-05 18:37:02 Started transferring output files
	Seconds spent in queue: 16
...
040 (240161.049.000) 2022-12-05 18:37:02 Finished transferring output files
...
005 (240161.049.000) 2022-12-05 18:37:02 Job terminated.
	(1) Normal termination (return value 0)
		Usr 0 00:00:04, Sys 0 00:00:00  -  Run Remote Usage
		Usr 0 00:00:00, Sys 0 00:00:00  -  Run Local Usage
		Usr 0 00:00:04, Sys 0 00:00:00  -  Total Remote Usage
		Usr 0 00:00:00, Sys 0 00:00:00  -  Total Local Usage
	17551  -  Run Bytes Sent By Job
	39132492  -  Run Bytes Received By Job
	17551  -  Total Bytes Sent By Job
	39132492  -  Total Bytes Received By Job
	Partitionable Resources :    Usage  Request Allocated 
	   Cpus                 :                 1         1 
	   Disk (KB)            :   256437  2097152   2335100 
	   IoHeavy              :                           0 
	   Memory (MB)          :        0     2048      2048 

	Job terminated of its own accord at 2022-12-06T00:37:01Z with exit-code 0.
...
