000 (240161.078.000) 2022-12-05 18:34:55 Job submitted from host: <128.104.100.148:9618?addrs=128.104.100.148-9618+[2607-f388-107c-501-216-3eff-feb2-bc11]-9618&alias=learn.chtc.wisc.edu&noUDP&sock=schedd_6018_6d09>
...
040 (240161.078.000) 2022-12-05 18:37:12 Entered queue to transfer input files
	Transferring to host: <128.105.68.253:9618?addrs=128.105.68.253-9618+[2607-f388-2200-100-1e6a-7aff-fe21-9e9b]-9618&alias=e340.chtc.wisc.edu&noUDP&sock=slot1_4_28757_a86a_15303>
...
040 (240161.078.000) 2022-12-05 18:37:50 Started transferring input files
	Seconds spent in queue: 38
...
040 (240161.078.000) 2022-12-05 18:37:52 Finished transferring input files
...
001 (240161.078.000) 2022-12-05 18:37:53 Job executing on host: <128.105.68.253:9618?addrs=128.105.68.253-9618+[2607-f388-2200-100-1e6a-7aff-fe21-9e9b]-9618&alias=e340.chtc.wisc.edu&noUDP&sock=startd_28672_2f86>
...
006 (240161.078.000) 2022-12-05 18:38:00 Image size of job updated: 151080
	0  -  MemoryUsage of job (MB)
	0  -  ResidentSetSize of job (KB)
...
040 (240161.078.000) 2022-12-05 18:38:01 Started transferring output files
	Seconds spent in queue: 49
...
040 (240161.078.000) 2022-12-05 18:38:01 Finished transferring output files
...
005 (240161.078.000) 2022-12-05 18:38:01 Job terminated.
	(1) Normal termination (return value 0)
		Usr 0 00:00:04, Sys 0 00:00:01  -  Run Remote Usage
		Usr 0 00:00:00, Sys 0 00:00:00  -  Run Local Usage
		Usr 0 00:00:04, Sys 0 00:00:01  -  Total Remote Usage
		Usr 0 00:00:00, Sys 0 00:00:00  -  Total Local Usage
	18148  -  Run Bytes Sent By Job
	39136380  -  Run Bytes Received By Job
	18148  -  Total Bytes Sent By Job
	39136380  -  Total Bytes Received By Job
	Partitionable Resources :    Usage  Request Allocated 
	   Cpus                 :                 1         1 
	   Disk (KB)            :   256442  2097152   2338972 
	   IoHeavy              :                           0 
	   Memory (MB)          :        0     2048      2048 

	Job terminated of its own accord at 2022-12-06T00:38:00Z with exit-code 0.
...
