000 (240161.084.000) 2022-12-05 18:34:55 Job submitted from host: <128.104.100.148:9618?addrs=128.104.100.148-9618+[2607-f388-107c-501-216-3eff-feb2-bc11]-9618&alias=learn.chtc.wisc.edu&noUDP&sock=schedd_6018_6d09>
...
040 (240161.084.000) 2022-12-05 18:37:21 Entered queue to transfer input files
	Transferring to host: <128.104.58.159:9618?addrs=128.104.58.159-9618+[2607-f388-1086-0-16fe-b5ff-fec6-746b]-9618&alias=e1011.chtc.wisc.edu&noUDP&sock=slot1_11_9895_ac2b_87994>
...
040 (240161.084.000) 2022-12-05 18:37:28 Started transferring input files
	Seconds spent in queue: 7
...
040 (240161.084.000) 2022-12-05 18:37:32 Finished transferring input files
...
001 (240161.084.000) 2022-12-05 18:37:34 Job executing on host: <128.104.58.159:9618?addrs=128.104.58.159-9618+[2607-f388-1086-0-16fe-b5ff-fec6-746b]-9618&alias=e1011.chtc.wisc.edu&noUDP&sock=startd_8117_2a53>
...
006 (240161.084.000) 2022-12-05 18:37:41 Image size of job updated: 349876
	0  -  MemoryUsage of job (MB)
	0  -  ResidentSetSize of job (KB)
...
040 (240161.084.000) 2022-12-05 18:37:42 Started transferring output files
	Seconds spent in queue: 21
...
040 (240161.084.000) 2022-12-05 18:37:42 Finished transferring output files
...
005 (240161.084.000) 2022-12-05 18:37:42 Job terminated.
	(1) Normal termination (return value 0)
		Usr 0 00:00:05, Sys 0 00:00:01  -  Run Remote Usage
		Usr 0 00:00:00, Sys 0 00:00:00  -  Run Local Usage
		Usr 0 00:00:05, Sys 0 00:00:01  -  Total Remote Usage
		Usr 0 00:00:00, Sys 0 00:00:00  -  Total Local Usage
	18415  -  Run Bytes Sent By Job
	39137288  -  Run Bytes Received By Job
	18415  -  Total Bytes Sent By Job
	39137288  -  Total Bytes Received By Job
	Partitionable Resources :    Usage  Request Allocated 
	   Cpus                 :                 1         1 
	   Disk (KB)            :   256443  2097152   2381713 
	   IoHeavy              :                           0 
	   Memory (MB)          :        0     2048      2048 

	Job terminated of its own accord at 2022-12-06T00:37:41Z with exit-code 0.
...
