000 (240161.087.000) 2022-12-05 18:34:55 Job submitted from host: <128.104.100.148:9618?addrs=128.104.100.148-9618+[2607-f388-107c-501-216-3eff-feb2-bc11]-9618&alias=learn.chtc.wisc.edu&noUDP&sock=schedd_6018_6d09>
...
040 (240161.087.000) 2022-12-05 18:37:20 Started transferring input files
	Transferring to host: <128.104.58.157:9618?addrs=128.104.58.157-9618+[2607-f388-1086-0-16fe-b5ff-fec6-7582]-9618&alias=e1009.chtc.wisc.edu&noUDP&sock=slot1_20_12043_2203_91132>
...
040 (240161.087.000) 2022-12-05 18:37:23 Finished transferring input files
...
001 (240161.087.000) 2022-12-05 18:37:24 Job executing on host: <128.104.58.157:9618?addrs=128.104.58.157-9618+[2607-f388-1086-0-16fe-b5ff-fec6-7582]-9618&alias=e1009.chtc.wisc.edu&noUDP&sock=startd_10086_bc4d>
...
006 (240161.087.000) 2022-12-05 18:37:30 Image size of job updated: 58900
	0  -  MemoryUsage of job (MB)
	0  -  ResidentSetSize of job (KB)
...
040 (240161.087.000) 2022-12-05 18:37:30 Started transferring output files
...
040 (240161.087.000) 2022-12-05 18:37:30 Finished transferring output files
...
005 (240161.087.000) 2022-12-05 18:37:30 Job terminated.
	(1) Normal termination (return value 0)
		Usr 0 00:00:05, Sys 0 00:00:01  -  Run Remote Usage
		Usr 0 00:00:00, Sys 0 00:00:00  -  Run Local Usage
		Usr 0 00:00:05, Sys 0 00:00:01  -  Total Remote Usage
		Usr 0 00:00:00, Sys 0 00:00:00  -  Total Local Usage
	18066  -  Run Bytes Sent By Job
	39135748  -  Run Bytes Received By Job
	18066  -  Total Bytes Sent By Job
	39135748  -  Total Bytes Received By Job
	Partitionable Resources :    Usage  Request Allocated 
	   Cpus                 :                 1         1 
	   Disk (KB)            :   256441  2097152   2380312 
	   IoHeavy              :                           0 
	   Memory (MB)          :        0     2048      2048 

	Job terminated of its own accord at 2022-12-06T00:37:30Z with exit-code 0.
...
