000 (240158.002.000) 2022-12-05 18:31:45 Job submitted from host: <128.104.100.148:9618?addrs=128.104.100.148-9618+[2607-f388-107c-501-216-3eff-feb2-bc11]-9618&alias=learn.chtc.wisc.edu&noUDP&sock=schedd_6018_6d09>
...
040 (240158.002.000) 2022-12-05 18:33:21 Entered queue to transfer input files
	Transferring to host: <128.105.244.44:9618?addrs=128.105.244.44-9618&alias=e3175.chtc.wisc.edu&noUDP&sock=slot1_6_10301_bc7c_63864>
...
040 (240158.002.000) 2022-12-05 18:33:26 Started transferring input files
	Seconds spent in queue: 5
...
040 (240158.002.000) 2022-12-05 18:33:29 Finished transferring input files
...
001 (240158.002.000) 2022-12-05 18:33:30 Job executing on host: <128.105.244.44:9618?addrs=128.105.244.44-9618&alias=e3175.chtc.wisc.edu&noUDP&sock=startd_6596_e2c6>
...
006 (240158.002.000) 2022-12-05 18:33:35 Image size of job updated: 88040
	0  -  MemoryUsage of job (MB)
	0  -  ResidentSetSize of job (KB)
...
040 (240158.002.000) 2022-12-05 18:33:36 Started transferring output files
	Seconds spent in queue: 15
...
040 (240158.002.000) 2022-12-05 18:33:36 Finished transferring output files
...
005 (240158.002.000) 2022-12-05 18:33:36 Job terminated.
	(1) Normal termination (return value 0)
		Usr 0 00:00:04, Sys 0 00:00:00  -  Run Remote Usage
		Usr 0 00:00:00, Sys 0 00:00:00  -  Run Local Usage
		Usr 0 00:00:04, Sys 0 00:00:00  -  Total Remote Usage
		Usr 0 00:00:00, Sys 0 00:00:00  -  Total Local Usage
	13676  -  Run Bytes Sent By Job
	39122100  -  Run Bytes Received By Job
	13676  -  Total Bytes Sent By Job
	39122100  -  Total Bytes Received By Job
	Partitionable Resources :    Usage  Request Allocated 
	   Cpus                 :                 1         1 
	   Disk (KB)            :   256422  2097152   2721419 
	   IoHeavy              :                           0 
	   Memory (MB)          :        0     2048      2048 

	Job terminated of its own accord at 2022-12-06T00:33:35Z with exit-code 0.
...
