000 (240161.066.000) 2022-12-05 18:34:55 Job submitted from host: <128.104.100.148:9618?addrs=128.104.100.148-9618+[2607-f388-107c-501-216-3eff-feb2-bc11]-9618&alias=learn.chtc.wisc.edu&noUDP&sock=schedd_6018_6d09>
...
040 (240161.066.000) 2022-12-05 18:36:56 Started transferring input files
	Transferring to host: <128.105.69.30:9618?addrs=128.105.69.30-9618+[2607-f388-2200-100-1e6a-7aff-fe26-c7d3]-9618&alias=e2352.chtc.wisc.edu&noUDP&sock=slot1_9_434_8acb_89330>
...
040 (240161.066.000) 2022-12-05 18:36:59 Finished transferring input files
...
001 (240161.066.000) 2022-12-05 18:37:00 Job executing on host: <128.105.69.30:9618?addrs=128.105.69.30-9618+[2607-f388-2200-100-1e6a-7aff-fe26-c7d3]-9618&alias=e2352.chtc.wisc.edu&noUDP&sock=startd_7230_c1d2>
...
006 (240161.066.000) 2022-12-05 18:37:06 Image size of job updated: 159636
	0  -  MemoryUsage of job (MB)
	0  -  ResidentSetSize of job (KB)
...
040 (240161.066.000) 2022-12-05 18:37:07 Started transferring output files
...
040 (240161.066.000) 2022-12-05 18:37:07 Finished transferring output files
...
005 (240161.066.000) 2022-12-05 18:37:07 Job terminated.
	(1) Normal termination (return value 0)
		Usr 0 00:00:04, Sys 0 00:00:00  -  Run Remote Usage
		Usr 0 00:00:00, Sys 0 00:00:00  -  Run Local Usage
		Usr 0 00:00:04, Sys 0 00:00:00  -  Total Remote Usage
		Usr 0 00:00:00, Sys 0 00:00:00  -  Total Local Usage
	18022  -  Run Bytes Sent By Job
	39135424  -  Run Bytes Received By Job
	18022  -  Total Bytes Sent By Job
	39135424  -  Total Bytes Received By Job
	Partitionable Resources :    Usage  Request Allocated 
	   Cpus                 :                 1         1 
	   Disk (KB)            :   256441  2097152   2322346 
	   IoHeavy              :                           0 
	   Memory (MB)          :        0     2048      2048 

	Job terminated of its own accord at 2022-12-06T00:37:06Z with exit-code 0.
...
