000 (240161.033.000) 2022-12-05 18:34:55 Job submitted from host: <128.104.100.148:9618?addrs=128.104.100.148-9618+[2607-f388-107c-501-216-3eff-feb2-bc11]-9618&alias=learn.chtc.wisc.edu&noUDP&sock=schedd_6018_6d09>
...
040 (240161.033.000) 2022-12-05 18:36:24 Entered queue to transfer input files
	Transferring to host: <128.104.58.162:9618?addrs=128.104.58.162-9618+[2607-f388-1086-0-f24d-a2ff-fe40-bda3]-9618&alias=e1014.chtc.wisc.edu&noUDP&sock=slot1_3_12952_9b08_58750>
...
040 (240161.033.000) 2022-12-05 18:36:29 Started transferring input files
	Seconds spent in queue: 5
...
040 (240161.033.000) 2022-12-05 18:36:32 Finished transferring input files
...
001 (240161.033.000) 2022-12-05 18:36:33 Job executing on host: <128.104.58.162:9618?addrs=128.104.58.162-9618+[2607-f388-1086-0-f24d-a2ff-fe40-bda3]-9618&alias=e1014.chtc.wisc.edu&noUDP&sock=startd_9952_d29c>
...
006 (240161.033.000) 2022-12-05 18:36:40 Image size of job updated: 8664
	0  -  MemoryUsage of job (MB)
	0  -  ResidentSetSize of job (KB)
...
040 (240161.033.000) 2022-12-05 18:36:40 Started transferring output files
	Seconds spent in queue: 16
...
040 (240161.033.000) 2022-12-05 18:36:40 Finished transferring output files
...
005 (240161.033.000) 2022-12-05 18:36:40 Job terminated.
	(1) Normal termination (return value 0)
		Usr 0 00:00:04, Sys 0 00:00:01  -  Run Remote Usage
		Usr 0 00:00:00, Sys 0 00:00:00  -  Run Local Usage
		Usr 0 00:00:04, Sys 0 00:00:01  -  Total Remote Usage
		Usr 0 00:00:00, Sys 0 00:00:00  -  Total Local Usage
	18426  -  Run Bytes Sent By Job
	39135848  -  Run Bytes Received By Job
	18426  -  Total Bytes Sent By Job
	39135848  -  Total Bytes Received By Job
	Partitionable Resources :    Usage  Request Allocated 
	   Cpus                 :                 1         1 
	   Disk (KB)            :   256441  2097152   2380499 
	   IoHeavy              :                           0 
	   Memory (MB)          :        0     2048      2048 

	Job terminated of its own accord at 2022-12-06T00:36:40Z with exit-code 0.
...
