000 (240161.057.000) 2022-12-05 18:34:55 Job submitted from host: <128.104.100.148:9618?addrs=128.104.100.148-9618+[2607-f388-107c-501-216-3eff-feb2-bc11]-9618&alias=learn.chtc.wisc.edu&noUDP&sock=schedd_6018_6d09>
...
040 (240161.057.000) 2022-12-05 18:36:45 Started transferring input files
	Transferring to host: <128.104.58.126:9618?addrs=128.104.58.126-9618+[2607-f388-1086-0-ea9a-8fff-fe91-c3ac]-9618&alias=e543.chtc.wisc.edu&noUDP&sock=slot1_6_15098_a81f_64116>
...
040 (240161.057.000) 2022-12-05 18:36:48 Finished transferring input files
...
001 (240161.057.000) 2022-12-05 18:36:49 Job executing on host: <128.104.58.126:9618?addrs=128.104.58.126-9618+[2607-f388-1086-0-ea9a-8fff-fe91-c3ac]-9618&alias=e543.chtc.wisc.edu&noUDP&sock=startd_7266_733a>
...
006 (240161.057.000) 2022-12-05 18:36:54 Image size of job updated: 48700
	0  -  MemoryUsage of job (MB)
	0  -  ResidentSetSize of job (KB)
...
040 (240161.057.000) 2022-12-05 18:36:54 Started transferring output files
...
040 (240161.057.000) 2022-12-05 18:36:54 Finished transferring output files
...
005 (240161.057.000) 2022-12-05 18:36:54 Job terminated.
	(1) Normal termination (return value 0)
		Usr 0 00:00:04, Sys 0 00:00:00  -  Run Remote Usage
		Usr 0 00:00:00, Sys 0 00:00:00  -  Run Local Usage
		Usr 0 00:00:04, Sys 0 00:00:00  -  Total Remote Usage
		Usr 0 00:00:00, Sys 0 00:00:00  -  Total Local Usage
	18201  -  Run Bytes Sent By Job
	39135504  -  Run Bytes Received By Job
	18201  -  Total Bytes Sent By Job
	39135504  -  Total Bytes Received By Job
	Partitionable Resources :    Usage  Request Allocated 
	   Cpus                 :                 1         1 
	   Disk (KB)            :   256440  2097152   2199232 
	   IoHeavy              :                           0 
	   Memory (MB)          :        0     2048      2048 

	Job terminated of its own accord at 2022-12-06T00:36:54Z with exit-code 0.
...
