000 (239734.001.000) 2022-12-05 00:18:58 Job submitted from host: <128.104.100.148:9618?addrs=128.104.100.148-9618+[2607-f388-107c-501-216-3eff-feb2-bc11]-9618&alias=learn.chtc.wisc.edu&noUDP&sock=schedd_6018_6d09>
...
040 (239734.001.000) 2022-12-05 00:20:21 Started transferring input files
	Transferring to host: <128.104.103.113:9618?addrs=128.104.103.113-9618+[2607-f388-107c-501-ae1f-6bff-fe41-56d2]-9618&alias=tekin0000.chtc.wisc.edu&noUDP&sock=slot1_37533_24cf_84440>
...
040 (239734.001.000) 2022-12-05 00:20:30 Finished transferring input files
...
001 (239734.001.000) 2022-12-05 00:20:31 Job executing on host: <128.104.103.113:9618?addrs=128.104.103.113-9618+[2607-f388-107c-501-ae1f-6bff-fe41-56d2]-9618&alias=tekin0000.chtc.wisc.edu&noUDP&sock=startd_8297_a15f>
...
006 (239734.001.000) 2022-12-05 00:20:34 Image size of job updated: 588
	0  -  MemoryUsage of job (MB)
	0  -  ResidentSetSize of job (KB)
...
040 (239734.001.000) 2022-12-05 00:20:35 Started transferring output files
...
040 (239734.001.000) 2022-12-05 00:20:35 Finished transferring output files
...
005 (239734.001.000) 2022-12-05 00:20:35 Job terminated.
	(1) Normal termination (return value 1)
		Usr 0 00:00:02, Sys 0 00:00:00  -  Run Remote Usage
		Usr 0 00:00:00, Sys 0 00:00:00  -  Run Local Usage
		Usr 0 00:00:02, Sys 0 00:00:00  -  Total Remote Usage
		Usr 0 00:00:00, Sys 0 00:00:00  -  Total Local Usage
	730  -  Run Bytes Sent By Job
	42279684  -  Run Bytes Received By Job
	730  -  Total Bytes Sent By Job
	42279684  -  Total Bytes Received By Job
	Partitionable Resources :    Usage  Request Allocated Assigned
	   Cpus                 :                 1         8 
	   Disk (KB)            :   273993  2097152  67304103 
	   Gpus (Average)       :                           1 "GPU-9f77c691"
	   Memory (MB)          :        0     2048     47211 

	Job terminated of its own accord at 2022-12-05T06:20:34Z with exit-code 1.
...
